<?xml version="1.0" encoding="UTF-8" ?>
<testsuite tests="18" failures="0" name="com.unknownshop.entity.UsersTest" time="0.024" errors="0" skipped="0">
  <properties>
    <property name="java.runtime.name" value="Java(TM) SE Runtime Environment"/>
    <property name="java.vm.version" value="15.0.1+9-18"/>
    <property name="sun.boot.library.path" value="E:\jdk-15.0.1\bin"/>
    <property name="maven.multiModuleProjectDirectory" value="C:\Users\DangTruong\Documents\GitHub\DemoUI"/>
    <property name="java.vm.vendor" value="Oracle Corporation"/>
    <property name="java.vendor.url" value="https://java.oracle.com/"/>
    <property name="guice.disable.misplaced.annotation.check" value="true"/>
    <property name="path.separator" value=";"/>
    <property name="java.vm.name" value="Java HotSpot(TM) 64-Bit Server VM"/>
    <property name="sun.os.patch.level" value=""/>
    <property name="user.script" value=""/>
    <property name="user.country" value="VN"/>
    <property name="sun.java.launcher" value="SUN_STANDARD"/>
    <property name="java.vm.specification.name" value="Java Virtual Machine Specification"/>
    <property name="user.dir" value="C:\Users\DangTruong\Documents\GitHub\DemoUI"/>
    <property name="java.vm.compressedOopsMode" value="32-bit"/>
    <property name="java.runtime.version" value="15.0.1+9-18"/>
    <property name="os.arch" value="amd64"/>
    <property name="java.io.tmpdir" value="C:\Users\DANGTR~1\AppData\Local\Temp\"/>
    <property name="line.separator" value="
"/>
    <property name="java.vm.specification.vendor" value="Oracle Corporation"/>
    <property name="user.variant" value=""/>
    <property name="os.name" value="Windows 10"/>
    <property name="maven.ext.class.path" value="C:\Program Files\NetBeans-12.5\netbeans\java\maven-nblib\netbeans-eventspy.jar"/>
    <property name="classworlds.conf" value="C:\Program Files\NetBeans-12.5\netbeans\java\maven\bin\..\bin\m2.conf"/>
    <property name="sun.jnu.encoding" value="Cp1258"/>
    <property name="java.library.path" value="E:\jdk-15.0.1\bin;C:\WINDOWS\Sun\Java\bin;C:\WINDOWS\system32;C:\WINDOWS;C:\jdk-15.0.2\bin;C:\Program Files\Git\cmd;C:\Program Files\Microsoft SQL Server\120\Tools\Binn\;C:\Program Files\Microsoft SQL Server\Client SDK\ODBC\110\Tools\Binn\;C:\Program Files (x86)\Microsoft SQL Server\120\Tools\Binn\ManagementStudio\;C:\Program Files (x86)\Microsoft SQL Server\120\Tools\Binn\;C:\Program Files (x86)\Microsoft SQL Server\120\DTS\Binn\;C:\MinGW\mingw32\bin;C:\Program Files\nodejs\;%SystemRoot%\system32;%SystemRoot%;%SystemRoot%\System32\Wbem;%SYSTEMROOT%\System32\WindowsPowerShell\v1.0\;%SYSTEMROOT%\System32\OpenSSH\;C:\Users\DangTruong\AppData\Local\Programs\Python\Python36\Scripts\;C:\Users\DangTruong\AppData\Local\Programs\Python\Python36\;C:\jdk-15.0.2\bin;C:\Users\DangTruong\AppData\Local\Programs\Microsoft VS Code\bin;C:\Users\DangTruong\AppData\Local\GitHubDesktop\bin;C:\Users\DangTruong\AppData\Roaming\npm;%USERPROFILE%\AppData\Local\Microsoft\WindowsApps;;."/>
    <property name="maven.conf" value="C:\Program Files\NetBeans-12.5\netbeans\java\maven\bin\../conf"/>
    <property name="jdk.debug" value="release"/>
    <property name="java.class.version" value="59.0"/>
    <property name="java.specification.name" value="Java Platform API Specification"/>
    <property name="sun.management.compiler" value="HotSpot 64-Bit Tiered Compilers"/>
    <property name="os.version" value="10.0"/>
    <property name="library.jansi.path" value="C:\Program Files\NetBeans-12.5\netbeans\java\maven\bin\..\lib\jansi-native"/>
    <property name="user.home" value="C:\Users\DangTruong"/>
    <property name="user.timezone" value="Asia/Saigon"/>
    <property name="file.encoding" value="UTF-8"/>
    <property name="java.specification.version" value="15"/>
    <property name="user.name" value="Đăng Trường"/>
    <property name="java.class.path" value="C:\Program Files\NetBeans-12.5\netbeans\java\maven\bin\..\boot\plexus-classworlds-2.6.0.jar"/>
    <property name="java.vm.specification.version" value="15"/>
    <property name="sun.arch.data.model" value="64"/>
    <property name="sun.java.command" value="org.codehaus.plexus.classworlds.launcher.Launcher -Dmaven.ext.class.path=C:\Program Files\NetBeans-12.5\netbeans\java\maven-nblib\netbeans-eventspy.jar -Dfile.encoding=UTF-8 clean install"/>
    <property name="java.home" value="E:\jdk-15.0.1"/>
    <property name="user.language" value="vi"/>
    <property name="java.specification.vendor" value="Oracle Corporation"/>
    <property name="java.vm.info" value="mixed mode, sharing"/>
    <property name="java.version" value="15.0.1"/>
    <property name="java.vendor" value="Oracle Corporation"/>
    <property name="maven.home" value="C:\Program Files\NetBeans-12.5\netbeans\java\maven\bin\.."/>
    <property name="file.separator" value="\"/>
    <property name="java.version.date" value="2020-10-20"/>
    <property name="java.vendor.url.bug" value="https://bugreport.java.com/bugreport/"/>
    <property name="sun.io.unicode.encoding" value="UnicodeLittle"/>
    <property name="sun.cpu.endian" value="little"/>
    <property name="sun.cpu.isalist" value="amd64"/>
  </properties>
  <testcase classname="com.unknownshop.entity.UsersTest" name="testSetEmailUnmatch" time="0.014"/>
  <testcase classname="com.unknownshop.entity.UsersTest" name="testSetPassword" time="0"/>
  <testcase classname="com.unknownshop.entity.UsersTest" name="testGetPassword" time="0"/>
  <testcase classname="com.unknownshop.entity.UsersTest" name="testSetFullname" time="0"/>
  <testcase classname="com.unknownshop.entity.UsersTest" name="testGetEmail" time="0"/>
  <testcase classname="com.unknownshop.entity.UsersTest" name="testGetFullname" time="0"/>
  <testcase classname="com.unknownshop.entity.UsersTest" name="testGetId" time="0"/>
  <testcase classname="com.unknownshop.entity.UsersTest" name="testSetId" time="0"/>
  <testcase classname="com.unknownshop.entity.UsersTest" name="testToString" time="0"/>
  <testcase classname="com.unknownshop.entity.UsersTest" name="testSetIsDeleted" time="0"/>
  <testcase classname="com.unknownshop.entity.UsersTest" name="testGetRole" time="0"/>
  <testcase classname="com.unknownshop.entity.UsersTest" name="testSetImgUrl" time="0.001"/>
  <testcase classname="com.unknownshop.entity.UsersTest" name="testSetUsername" time="0.001"/>
  <testcase classname="com.unknownshop.entity.UsersTest" name="testGetUsername" time="0.003"/>
  <testcase classname="com.unknownshop.entity.UsersTest" name="testGetImgUrl" time="0"/>
  <testcase classname="com.unknownshop.entity.UsersTest" name="testIsIsDeleted" time="0.005"/>
  <testcase classname="com.unknownshop.entity.UsersTest" name="testSetRole" time="0"/>
  <testcase classname="com.unknownshop.entity.UsersTest" name="testSetEmail" time="0"/>
</testsuite>